#-----------------------------------------------------------
# Vivado v2018.2 (64-bit)
# SW Build 2258646 on Thu Jun 14 20:03:12 MDT 2018
# IP Build 2256618 on Thu Jun 14 22:10:49 MDT 2018
# Start of session at: Tue May  7 13:51:39 2024
# Process ID: 10580
# Current directory: D:/DATA/third/Term_2/New folder/Mano_16bit/mano_16bit
# Command line: vivado.exe -gui_launcher_event rodinguilauncherevent7324 D:\DATA\third\Term_2\New folder\Mano_16bit\mano_16bit\mano_16bit.xpr
# Log file: D:/DATA/third/Term_2/New folder/Mano_16bit/mano_16bit/vivado.log
# Journal file: D:/DATA/third/Term_2/New folder/Mano_16bit/mano_16bit\vivado.jou
#-----------------------------------------------------------
start_gui
open_project {D:/DATA/third/Term_2/New folder/Mano_16bit/mano_16bit/mano_16bit.xpr}
INFO: [Project 1-313] Project file moved from 'C:/Users/moham/OneDrive/Desktop/microprocessor project/mano_16bit/mano_16bit' since last save.
Scanning sources...
Finished scanning sources
INFO: [IP_Flow 19-234] Refreshing IP repositories
INFO: [IP_Flow 19-1704] No user IP repositories specified
INFO: [IP_Flow 19-2313] Loaded Vivado IP repository 'D:/program/Vivado/2018.2/data/ip'.
open_project: Time (s): cpu = 00:00:20 ; elapsed = 00:00:24 . Memory (MB): peak = 770.203 ; gain = 59.156
exit
INFO: [Common 17-206] Exiting Vivado at Tue May  7 13:54:55 2024...
